Flutter crash report.
Please report a bug at https://github.com/flutter/flutter/issues.

## command

flutter debug_adapter

## exception

FileSystemException: FileSystemException: writeFrom failed, path = '' (OS Error: The pipe is being closed.
, errno = 232)

```
#0      _checkForErrorResponse (dart:io/common.dart:55:9)
#1      _RandomAccessFile.writeFrom.<anonymous closure> (dart:io/file_impl.dart:885:7)
#2      _rootRunUnary (dart:async/zone.dart:1407:47)
<asynchronous suspension>
#3      _FileStreamConsumer.addStream.<anonymous closure>.<anonymous closure>.<anonymous closure> (dart:io/file_impl.dart:218:21)
<asynchronous suspension>
```

## flutter doctor

```
[!] Flutter (Channel stable, 3.22.2, on Microsoft Windows [Version 10.0.22631.3880], locale en-ID)
    • Flutter version 3.22.2 on channel stable at C:\tools\flutter
    ! The flutter binary is not on your path. Consider adding C:\tools\flutter\bin to your path.
    ! The dart binary is not on your path. Consider adding C:\tools\flutter\bin to your path.
    • Upstream repository https://github.com/flutter/flutter.git
    • Framework revision 761747bfc5 (), 2024-06-05 22:15:13 +0200
    • Engine revision edd8546116
    • Dart version 3.4.3
    • DevTools version 2.34.3
    • If those were intentional, you can disregard the above warnings; however it is recommended to use "git" directly to perform update checks and upgrades.

[!] Windows Version (Problem detected with Windows installation)
    ! Get-Process failed to complete

[!] Android toolchain - develop for Android devices (Android SDK version 33.0.0)
    • Android SDK at C:\Users\ahmdf\AppData\Local\Android\sdk
    • Platform android-34, build-tools 33.0.0
    ✗ No Java Development Kit (JDK) found; You must have the environment variable JAVA_HOME set and the java binary in your PATH. You can download the JDK from https://www.oracle.com/technetwork/java/javase/downloads/.

[✓] Chrome - develop for the web
    • Chrome at C:\Program Files\Google\Chrome\Application\chrome.exe

[✗] Visual Studio - develop Windows apps
    ✗ Visual Studio not installed; this is necessary to develop Windows apps.
      Download at https://visualstudio.microsoft.com/downloads/.
      Please install the "Desktop development with C++" workload, including all of its default components

[!] Android Studio (version 2024.1)
    • Android Studio at C:\Program Files\Android\Android Studio
    • Flutter plugin can be installed from:
      🔨 https://plugins.jetbrains.com/plugin/9212-flutter
    • Dart plugin can be installed from:
      🔨 https://plugins.jetbrains.com/plugin/6351-dart
    ✗ Unable to determine bundled Java version.
    • Try updating or re-installing Android Studio.

[✓] VS Code (version 1.92.0)
    • VS Code at C:\Users\ahmdf\AppData\Local\Programs\Microsoft VS Code
    • Flutter extension version 3.94.0

[☠] Connected device (the doctor check crashed)
    ✗ Due to an error, the doctor check did not complete. If the error message below is not helpful, please let us know about this issue at https://github.com/flutter/flutter/issues.
    ✗ Error: Unable to run "adb", check your Android SDK installation and ANDROID_HOME environment variable: C:\Users\ahmdf\AppData\Local\Android\sdk\platform-tools\adb.exe
    • #0      throwToolExit (package:flutter_tools/src/base/common.dart:10:3)
      #1      AndroidDevices.pollingGetDevices (package:flutter_tools/src/android/android_device_discovery.dart:75:7)
      <asynchronous suspension>
      #2      PollingDeviceDiscovery._populateDevices (package:flutter_tools/src/device.dart:547:36)
      <asynchronous suspension>
      #3      Future.wait.<anonymous closure> (dart:async/future.dart:524:21)
      <asynchronous suspension>
      #4      DeviceManager.refreshAllDevices (package:flutter_tools/src/device.dart:217:40)
      <asynchronous suspension>
      #5      DeviceValidator.validate (package:flutter_tools/src/doctor.dart:741:34)
      <asynchronous suspension>
      #6      Future.any.onValue (dart:async/future.dart:618:5)
      <asynchronous suspension>


[✓] Network resources
    • All expected network resources are available.

! Doctor found issues in 6 categories.
```
